<?xml version="1.0" encoding="UTF-8"?>
<!-- Generated by org.testng.reporters.JUnitReportReporter -->
<testsuite hostname="DESKTOP-O1TFET3" failures="0" tests="5" name="org.Day1.SampleDPvr" time="33.915" errors="0" timestamp="25 Apr 2023 07:28:41 GMT" skipped="0">
  <testcase classname="org.Day1.SampleDPvr" name="tc2" time="7.111"/>
  <testcase classname="org.Day1.SampleDPvr" name="tc2" time="9.766"/>
  <testcase classname="org.Day1.SampleDPvr" name="tc2" time="3.534"/>
  <testcase classname="org.Day1.SampleDPvr" name="tc2" time="8.923"/>
  <testcase classname="org.Day1.SampleDPvr" name="tc2" time="4.581"/>
</testsuite> <!-- org.Day1.SampleDPvr -->
