<?xml version="1.0" encoding="UTF-8"?>
<!-- Generated by org.testng.reporters.JUnitReportReporter -->
<testsuite hostname="DESKTOP-O1TFET3" failures="0" tests="2" name="org.Day1.ExamHardTest" time="4.768" errors="0" timestamp="26 Apr 2023 09:54:23 GMT" skipped="0">
  <testcase classname="org.Day1.ExamHardTest" name="tc1" time="4.192"/>
  <testcase classname="org.Day1.ExamHardTest" name="tc2" time="0.576"/>
</testsuite> <!-- org.Day1.ExamHardTest -->
