<?xml version="1.0" encoding="UTF-8"?>
<!-- Generated by org.testng.reporters.JUnitReportReporter -->
<testsuite hostname="DESKTOP-O1TFET3" failures="0" tests="1" name="org.Day1.ClassX" time="0.016" errors="0" timestamp="27 Apr 2023 10:13:36 GMT" skipped="0">
  <testcase classname="org.Day1.ClassX" name="tc2" time="0.016"/>
</testsuite> <!-- org.Day1.ClassX -->
