<?xml version="1.0" encoding="UTF-8"?>
<!-- Generated by org.testng.reporters.JUnitReportReporter -->
<testsuite hostname="DESKTOP-O1TFET3" failures="0" tests="2" name="org.Day1.Example" time="5.313" errors="0" timestamp="25 Apr 2023 05:21:41 GMT" skipped="0">
  <testcase classname="org.Day1.Example" name="tc1" time="4.815"/>
  <testcase classname="org.Day1.Example" name="tc2" time="0.498"/>
</testsuite> <!-- org.Day1.Example -->
