<?xml version="1.0" encoding="UTF-8"?>
<!-- Generated by org.testng.reporters.JUnitReportReporter -->
<testsuite hostname="DESKTOP-O1TFET3" failures="0" tests="1" name="org.Day1.Class2" time="0.000" errors="0" timestamp="27 Apr 2023 10:01:00 GMT" skipped="0">
  <testcase classname="org.Day1.Class2" name="tc4" time="0.000"/>
</testsuite> <!-- org.Day1.Class2 -->
