<?xml version="1.0" encoding="UTF-8"?>
<!-- Generated by org.testng.reporters.JUnitReportReporter -->
<testsuite hostname="DESKTOP-O1TFET3" failures="0" tests="5" name="org.Day1.DpRovider1" time="41.974" errors="0" timestamp="25 Apr 2023 07:56:59 GMT" skipped="0">
  <testcase classname="org.Day1.DpRovider1" name="tc2" time="12.321"/>
  <testcase classname="org.Day1.DpRovider1" name="tc2" time="4.513"/>
  <testcase classname="org.Day1.DpRovider1" name="tc2" time="6.844"/>
  <testcase classname="org.Day1.DpRovider1" name="tc2" time="7.916"/>
  <testcase classname="org.Day1.DpRovider1" name="tc2" time="10.380"/>
</testsuite> <!-- org.Day1.DpRovider1 -->
