<?xml version="1.0" encoding="UTF-8"?>
<!-- Generated by org.testng.reporters.JUnitReportReporter -->
<testsuite hostname="DESKTOP-O1TFET3" failures="0" tests="3" name="org.Day1.BodyTestngCross" time="31.025" errors="0" timestamp="28 Apr 2023 09:53:11 GMT" skipped="0">
  <testcase classname="org.Day1.BodyTestngCross" name="tc1" time="9.477"/>
  <testcase classname="org.Day1.BodyTestngCross" name="tc1" time="12.375"/>
  <testcase classname="org.Day1.BodyTestngCross" name="tc1" time="9.173"/>
</testsuite> <!-- org.Day1.BodyTestngCross -->
