<?xml version="1.0" encoding="UTF-8"?>
<!-- Generated by org.testng.reporters.JUnitReportReporter -->
<testsuite hostname="DESKTOP-O1TFET3" failures="0" tests="8" name="org.Day1.Demo1" time="0.015" errors="0" timestamp="22 Apr 2023 05:43:54 GMT" skipped="0">
  <testcase classname="org.Day1.Demo1" name="tc3" time="0.000"/>
  <testcase classname="org.Day1.Demo1" name="tc3" time="0.015"/>
  <testcase classname="org.Day1.Demo1" name="tc3" time="0.000"/>
  <testcase classname="org.Day1.Demo1" name="tc1" time="0.000"/>
  <testcase classname="org.Day1.Demo1" name="tc1" time="0.000"/>
  <testcase classname="org.Day1.Demo1" name="tc2" time="0.000"/>
  <testcase classname="org.Day1.Demo1" name="tc5" time="0.000"/>
  <testcase classname="org.Day1.Demo1" name="tc4" time="0.000"/>
</testsuite> <!-- org.Day1.Demo1 -->
