<?xml version="1.0" encoding="UTF-8"?>
<!-- Generated by org.testng.reporters.JUnitReportReporter -->
<testsuite hostname="DESKTOP-O1TFET3" failures="0" tests="3" name="org.Day1.Body3" time="0.023" errors="0" timestamp="28 Apr 2023 08:56:29 GMT" skipped="0">
  <testcase classname="org.Day1.Body3" name="tc7" time="0.005"/>
  <testcase classname="org.Day1.Body3" name="tc8" time="0.000"/>
  <testcase classname="org.Day1.Body3" name="tc6" time="0.018"/>
</testsuite> <!-- org.Day1.Body3 -->
