<?xml version="1.0" encoding="UTF-8"?>
<!-- Generated by org.testng.reporters.JUnitReportReporter -->
<testsuite hostname="DESKTOP-O1TFET3" failures="0" tests="3" name="org.Day1.Body1" time="0.021" errors="0" timestamp="28 Apr 2023 08:56:29 GMT" skipped="0">
  <testcase classname="org.Day1.Body1" name="tc3" time="0.000"/>
  <testcase classname="org.Day1.Body1" name="tc1" time="0.018"/>
  <testcase classname="org.Day1.Body1" name="tc2" time="0.003"/>
</testsuite> <!-- org.Day1.Body1 -->
